Arguments: 
  /Users/cex/.nvm/versions/node/v9.8.0/bin/node /usr/local/Cellar/yarn/1.6.0/libexec/bin/yarn.js

PATH: 
  /Users/cex/.nvm/versions/node/v9.8.0/bin:/Users/cex/bin:/usr/local/bin:/usr/local/bin:/usr/bin:/bin:/usr/sbin:/sbin

Yarn version: 
  1.6.0

Node version: 
  9.8.0

Platform: 
  darwin x64

Trace: 
  SyntaxError: /Users/cex/Development/react/package.json: Unexpected token , in JSON at position 85
      at JSON.parse (<anonymous>)
      at /usr/local/Cellar/yarn/1.6.0/libexec/lib/cli.js:1130:59
      at Generator.next (<anonymous>)
      at step (/usr/local/Cellar/yarn/1.6.0/libexec/lib/cli.js:98:30)
      at /usr/local/Cellar/yarn/1.6.0/libexec/lib/cli.js:109:13
      at <anonymous>

npm manifest: 
  {
    "name": "react",
    "version": "1.0.0",
    "main": "index.js",
    "license": "MIT"
  },{
    "devDependencies": {
      "atob": "^2.1.1",
      "babel-cli": "^6.18.0",
      "babel-core": "^6.26.0",
      "babel-loader": "^7.1.2",
      "babel-plugin-transform-class-properties": "^6.24.1",
      "babel-plugin-transform-object-rest-spread": "^6.26.0",
      "babel-preset-env": "^1.6.1",
      "babel-preset-react": "^6.24.1",
      "copy-webpack-plugin": "^4.4.1",
      "enzyme": "^3.3.0",
      "enzyme-adapter-react-16": "^1.1.1",
      "file-loader": "^1.1.8",
      "html-webpack-plugin": "^2.30.1",
      "jsdom": "^11.10.0",
      "mocha": "^5.2.0",
      "node-sass": "^4.7.2",
      "sass-loader": "^6.0.6",
      "style-loader": "^0.20.2",
      "url-loader": "^0.6.2",
      "webpack": "^3.11.0",
      "webpack-dev-server": "^2.11.1"
    },{
    "dependencies": {
      "axios": "^0.18.0",
      "bcrypt": "^2.0.1",
      "express": "^4.16.3",
      "lodash": "^4.17.10",
      "moment": "^2.22.1",
      "react": "^16.3.2",
      "react-dom": "^16.3.2",
      "react-router-dom": "^4.2.2",
      "sinon": "^5.0.7",
      "supertest": "^3.1.0"
    }
  }

yarn manifest: 
  No manifest

Lockfile: 
  No lockfile
